#
# There is insufficient memory for the Java Runtime Environment to continue.
# Native memory allocation (malloc) failed to allocate 32744 bytes. Error detail: Chunk::new
# Possible reasons:
#   The system is out of physical RAM or swap space
#   This process is running with CompressedOops enabled, and the Java Heap may be blocking the growth of the native heap
# Possible solutions:
#   Reduce memory load on the system
#   Increase physical memory or swap space
#   Check if swap backing store is full
#   Decrease Java heap size (-Xmx/-Xms)
#   Decrease number of Java threads
#   Decrease Java thread stack sizes (-Xss)
#   Set larger code cache with -XX:ReservedCodeCacheSize=
#   JVM is running with Unscaled Compressed Oops mode in which the Java heap is
#     placed in the first 4GB address space. The Java Heap base address is the
#     maximum limit for the native heap growth. Please use -XX:HeapBaseMinAddress
#     to set the Java Heap base and to place the Java Heap above 4GB virtual address.
# This output file may be truncated or incomplete.
#
#  Out of Memory Error (arena.cpp:150), pid=15936, tid=12964
#
# JRE version: Java(TM) SE Runtime Environment (22.0.1+8) (build 22.0.1+8-16)
# Java VM: Java HotSpot(TM) 64-Bit Server VM (22.0.1+8-16, mixed mode, sharing, tiered, compressed oops, compressed class ptrs, g1 gc, windows-amd64)
# No core dump will be written. Minidumps are not enabled by default on client versions of Windows
#

---------------  S U M M A R Y ------------

Command Line: -agentlib:jdwp=transport=dt_socket,address=127.0.0.1:59146,suspend=y,server=n -javaagent:C:\Users\Andrii\AppData\Local\JetBrains\IntelliJIdea2024.1\captureAgent\debugger-agent.jar -Dfile.encoding=UTF-8 -Dsun.stdout.encoding=UTF-8 -Dsun.stderr.encoding=UTF-8 com.java_beginning.lesson_2_3_4.calculator.CalculatorTest

Host: AMD Ryzen 5 4500U with Radeon Graphics         , 6 cores, 7G,  Windows 10 , 64 bit Build 19041 (10.0.19041.5198)
Time: Wed Jan  8 16:41:28 2025 RTZ 2 (s 10 , 64 bit Build 19041 (10.0.19041.5198) elapsed time: 0.072307 seconds (0d 0h 0m 0s)

---------------  T H R E A D  ---------------

Current thread (0x00000295f2112640):  JavaThread "C1 CompilerThread0" daemon [_thread_in_native, id=12964, stack(0x000000e1b8b00000,0x000000e1b8c00000) (1024K)]


Current CompileTask:
C1:72  146   !   3       java.util.concurrent.ConcurrentHashMap::putVal (432 bytes)

Stack: [0x000000e1b8b00000,0x000000e1b8c00000]
Native frames: (J=compiled Java code, j=interpreted, Vv=VM code, C=native code)
V  [jvm.dll+0x6e2279]  (no source info available)
V  [jvm.dll+0x874e33]  (no source info available)
V  [jvm.dll+0x87725e]  (no source info available)
V  [jvm.dll+0x877933]  (no source info available)
V  [jvm.dll+0x27fd76]  (no source info available)
V  [jvm.dll+0xc3d0f]  (no source info available)
V  [jvm.dll+0xc3f6b]  (no source info available)
V  [jvm.dll+0x13f1ce]  (no source info available)
V  [jvm.dll+0x13e697]  (no source info available)
V  [jvm.dll+0x198440]  (no source info available)
V  [jvm.dll+0x1986f6]  (no source info available)
V  [jvm.dll+0x153e45]  (no source info available)
V  [jvm.dll+0x1535c3]  (no source info available)
V  [jvm.dll+0x1538a0]  (no source info available)
V  [jvm.dll+0x152c1d]  (no source info available)
V  [jvm.dll+0x154add]  (no source info available)
V  [jvm.dll+0x2569fe]  (no source info available)
V  [jvm.dll+0x254cba]  (no source info available)
V  [jvm.dll+0x3f5336]  (no source info available)
V  [jvm.dll+0x81d44b]  (no source info available)
V  [jvm.dll+0x6e0915]  (no source info available)
C  [ucrtbase.dll+0x21bb2]  (no source info available)
C  [KERNEL32.DLL+0x17374]  (no source info available)
C  [ntdll.dll+0x4cc91]  (no source info available)


---------------  P R O C E S S  ---------------

Threads class SMR info:
_java_thread_list=0x00000295c540bf00, length=13, elements={
0x00000295d5fa8e20, 0x00000295f20cbf80, 0x00000295f20cecb0, 0x00000295f20d0880,
0x00000295f20d3540, 0x00000295f20e05e0, 0x00000295f20e1040, 0x00000295f20f1b60,
0x00000295f2112640, 0x00000295f20a0410, 0x00000295c64f55d0, 0x00000295c53cf400,
0x00000295c53ccc10
}
_to_delete_list=0x00000295c540c560, length=12, elements={
0x00000295d5fa8e20, 0x00000295f20cbf80, 0x00000295f20cecb0, 0x00000295f20d0880,
0x00000295f20d3540, 0x00000295f20e05e0, 0x00000295f20e1040, 0x00000295f20f1b60,
0x00000295f2112640, 0x00000295f20a0410, 0x00000295c64f55d0, 0x00000295c53cf400
}

Java Threads: ( => current thread )
  0x00000295d5fa8e20 JavaThread "main"                              [_thread_blocked, id=32256, stack(0x000000e1b7c00000,0x000000e1b7d00000) (1024K)]
  0x00000295f20cbf80 JavaThread "Reference Handler"          daemon [_thread_blocked, id=12720, stack(0x000000e1b8400000,0x000000e1b8500000) (1024K)]
  0x00000295f20cecb0 JavaThread "Finalizer"                  daemon [_thread_blocked, id=22672, stack(0x000000e1b8500000,0x000000e1b8600000) (1024K)]
  0x00000295f20d0880 JavaThread "Signal Dispatcher"          daemon [_thread_blocked, id=9364, stack(0x000000e1b8600000,0x000000e1b8700000) (1024K)]
  0x00000295f20d3540 JavaThread "Attach Listener"            daemon [_thread_blocked, id=33368, stack(0x000000e1b8700000,0x000000e1b8800000) (1024K)]
  0x00000295f20e05e0 JavaThread "Service Thread"             daemon [_thread_blocked, id=9360, stack(0x000000e1b8800000,0x000000e1b8900000) (1024K)]
  0x00000295f20e1040 JavaThread "Monitor Deflation Thread"   daemon [_thread_blocked, id=31328, stack(0x000000e1b8900000,0x000000e1b8a00000) (1024K)]
  0x00000295f20f1b60 JavaThread "C2 CompilerThread0"         daemon [_thread_blocked, id=16156, stack(0x000000e1b8a00000,0x000000e1b8b00000) (1024K)]
=>0x00000295f2112640 JavaThread "C1 CompilerThread0"         daemon [_thread_in_native, id=12964, stack(0x000000e1b8b00000,0x000000e1b8c00000) (1024K)]
  0x00000295f20a0410 JavaThread "Common-Cleaner"             daemon [_thread_blocked, id=17928, stack(0x000000e1b8c00000,0x000000e1b8d00000) (1024K)]
  0x00000295c64f55d0 JavaThread "JDWP Transport Listener: dt_socket" daemon [_thread_blocked, id=27588, stack(0x000000e1b8d00000,0x000000e1b8e00000) (1024K)]
  0x00000295c53cf400 JavaThread "JDWP Event Helper Thread"   daemon [_thread_blocked, id=22884, stack(0x000000e1b8e00000,0x000000e1b8f00000) (1024K)]
  0x00000295c53ccc10 JavaThread "JDWP Command Reader"        daemon [_thread_in_native, id=26980, stack(0x000000e1b8f00000,0x000000e1b9000000) (1024K)]
Total: 13

Other Threads:
  0x00000295f20b5780 VMThread "VM Thread"                           [id=19468, stack(0x000000e1b8300000,0x000000e1b8400000) (1024K)]
  0x00000295f209d2f0 WatcherThread "VM Periodic Task Thread"        [id=27716, stack(0x000000e1b8200000,0x000000e1b8300000) (1024K)]
  0x00000295d5ffc830 WorkerThread "GC Thread#0"                     [id=13572, stack(0x000000e1b7d00000,0x000000e1b7e00000) (1024K)]
  0x00000295d3f0dae0 ConcurrentGCThread "G1 Main Marker"            [id=18344, stack(0x000000e1b7e00000,0x000000e1b7f00000) (1024K)]
  0x00000295d60092d0 WorkerThread "G1 Conc#0"                       [id=5076, stack(0x000000e1b7f00000,0x000000e1b8000000) (1024K)]
  0x00000295f1f6c540 ConcurrentGCThread "G1 Refine#0"               [id=8588, stack(0x000000e1b8000000,0x000000e1b8100000) (1024K)]
  0x00000295f1f6cd70 ConcurrentGCThread "G1 Service"                [id=21816, stack(0x000000e1b8100000,0x000000e1b8200000) (1024K)]
Total: 7

Threads with active compile tasks:
C1 CompilerThread0  184  146   !   3       java.util.concurrent.ConcurrentHashMap::putVal (432 bytes)
Total: 1

VM state: not at safepoint (normal execution)

VM Mutex/Monitor currently owned by a thread: None

Heap address: 0x000000008a000000, size: 1888 MB, Compressed Oops mode: 32-bit

CDS archive(s) mapped at: [0x0000029580000000-0x0000029580c60000-0x0000029580c60000), size 12976128, SharedBaseAddress: 0x0000029580000000, ArchiveRelocationMode: 1.
Compressed class space mapped at: 0x0000029581000000-0x00000295c1000000, reserved size: 1073741824
Narrow klass base: 0x0000029580000000, Narrow klass shift: 0, Narrow klass range: 0x41000000

GC Precious Log:
 CardTable entry size: 512
 Card Set container configuration: InlinePtr #cards 5 size 8 Array Of Cards #cards 12 size 40 Howl #buckets 4 coarsen threshold 1843 Howl Bitmap #cards 512 size 80 coarsen threshold 460 Card regions per heap region 1 cards per card region 2048
 CPUs: 6 total, 6 available
 Memory: 7549M
 Large Page Support: Disabled
 NUMA Support: Disabled
 Compressed Oops: Enabled (32-bit)
 Heap Region Size: 1M
 Heap Min Capacity: 8M
 Heap Initial Capacity: 118M
 Heap Max Capacity: 1888M
 Pre-touch: Disabled
 Parallel Workers: 6
 Concurrent Workers: 2
 Concurrent Refinement Workers: 6
 Periodic GC: Disabled

Heap:
 garbage-first heap   total reserved 1933312K, committed 120832K, used 2048K [0x000000008a000000, 0x0000000100000000)
  region size 1024K, 3 young (3072K), 0 survivors (0K)
 Metaspace       used 236K, committed 448K, reserved 1114112K
  class space    used 7K, committed 128K, reserved 1048576K

Heap Regions: E=young(eden), S=young(survivor), O=old, HS=humongous(starts), HC=humongous(continues), CS=collection set, F=free, TAMS=top-at-mark-start, PB=parsable bottom
|   0|0x000000008a000000, 0x000000008a000000, 0x000000008a100000|  0%| F|  |TAMS 0x000000008a000000| PB 0x000000008a000000| Untracked |  0
|   1|0x000000008a100000, 0x000000008a100000, 0x000000008a200000|  0%| F|  |TAMS 0x000000008a100000| PB 0x000000008a100000| Untracked |  0
|   2|0x000000008a200000, 0x000000008a200000, 0x000000008a300000|  0%| F|  |TAMS 0x000000008a200000| PB 0x000000008a200000| Untracked |  0
|   3|0x000000008a300000, 0x000000008a300000, 0x000000008a400000|  0%| F|  |TAMS 0x000000008a300000| PB 0x000000008a300000| Untracked |  0
|   4|0x000000008a400000, 0x000000008a400000, 0x000000008a500000|  0%| F|  |TAMS 0x000000008a400000| PB 0x000000008a400000| Untracked |  0
|   5|0x000000008a500000, 0x000000008a500000, 0x000000008a600000|  0%| F|  |TAMS 0x000000008a500000| PB 0x000000008a500000| Untracked |  0
|   6|0x000000008a600000, 0x000000008a600000, 0x000000008a700000|  0%| F|  |TAMS 0x000000008a600000| PB 0x000000008a600000| Untracked |  0
|   7|0x000000008a700000, 0x000000008a700000, 0x000000008a800000|  0%| F|  |TAMS 0x000000008a700000| PB 0x000000008a700000| Untracked |  0
|   8|0x000000008a800000, 0x000000008a800000, 0x000000008a900000|  0%| F|  |TAMS 0x000000008a800000| PB 0x000000008a800000| Untracked |  0
|   9|0x000000008a900000, 0x000000008a900000, 0x000000008aa00000|  0%| F|  |TAMS 0x000000008a900000| PB 0x000000008a900000| Untracked |  0
|  10|0x000000008aa00000, 0x000000008aa00000, 0x000000008ab00000|  0%| F|  |TAMS 0x000000008aa00000| PB 0x000000008aa00000| Untracked |  0
|  11|0x000000008ab00000, 0x000000008ab00000, 0x000000008ac00000|  0%| F|  |TAMS 0x000000008ab00000| PB 0x000000008ab00000| Untracked |  0
|  12|0x000000008ac00000, 0x000000008ac00000, 0x000000008ad00000|  0%| F|  |TAMS 0x000000008ac00000| PB 0x000000008ac00000| Untracked |  0
|  13|0x000000008ad00000, 0x000000008ad00000, 0x000000008ae00000|  0%| F|  |TAMS 0x000000008ad00000| PB 0x000000008ad00000| Untracked |  0
|  14|0x000000008ae00000, 0x000000008ae00000, 0x000000008af00000|  0%| F|  |TAMS 0x000000008ae00000| PB 0x000000008ae00000| Untracked |  0
|  15|0x000000008af00000, 0x000000008af00000, 0x000000008b000000|  0%| F|  |TAMS 0x000000008af00000| PB 0x000000008af00000| Untracked |  0
|  16|0x000000008b000000, 0x000000008b000000, 0x000000008b100000|  0%| F|  |TAMS 0x000000008b000000| PB 0x000000008b000000| Untracked |  0
|  17|0x000000008b100000, 0x000000008b100000, 0x000000008b200000|  0%| F|  |TAMS 0x000000008b100000| PB 0x000000008b100000| Untracked |  0
|  18|0x000000008b200000, 0x000000008b200000, 0x000000008b300000|  0%| F|  |TAMS 0x000000008b200000| PB 0x000000008b200000| Untracked |  0
|  19|0x000000008b300000, 0x000000008b300000, 0x000000008b400000|  0%| F|  |TAMS 0x000000008b300000| PB 0x000000008b300000| Untracked |  0
|  20|0x000000008b400000, 0x000000008b400000, 0x000000008b500000|  0%| F|  |TAMS 0x000000008b400000| PB 0x000000008b400000| Untracked |  0
|  21|0x000000008b500000, 0x000000008b500000, 0x000000008b600000|  0%| F|  |TAMS 0x000000008b500000| PB 0x000000008b500000| Untracked |  0
|  22|0x000000008b600000, 0x000000008b600000, 0x000000008b700000|  0%| F|  |TAMS 0x000000008b600000| PB 0x000000008b600000| Untracked |  0
|  23|0x000000008b700000, 0x000000008b700000, 0x000000008b800000|  0%| F|  |TAMS 0x000000008b700000| PB 0x000000008b700000| Untracked |  0
|  24|0x000000008b800000, 0x000000008b800000, 0x000000008b900000|  0%| F|  |TAMS 0x000000008b800000| PB 0x000000008b800000| Untracked |  0
|  25|0x000000008b900000, 0x000000008b900000, 0x000000008ba00000|  0%| F|  |TAMS 0x000000008b900000| PB 0x000000008b900000| Untracked |  0
|  26|0x000000008ba00000, 0x000000008ba00000, 0x000000008bb00000|  0%| F|  |TAMS 0x000000008ba00000| PB 0x000000008ba00000| Untracked |  0
|  27|0x000000008bb00000, 0x000000008bb00000, 0x000000008bc00000|  0%| F|  |TAMS 0x000000008bb00000| PB 0x000000008bb00000| Untracked |  0
|  28|0x000000008bc00000, 0x000000008bc00000, 0x000000008bd00000|  0%| F|  |TAMS 0x000000008bc00000| PB 0x000000008bc00000| Untracked |  0
|  29|0x000000008bd00000, 0x000000008bd00000, 0x000000008be00000|  0%| F|  |TAMS 0x000000008bd00000| PB 0x000000008bd00000| Untracked |  0
|  30|0x000000008be00000, 0x000000008be00000, 0x000000008bf00000|  0%| F|  |TAMS 0x000000008be00000| PB 0x000000008be00000| Untracked |  0
|  31|0x000000008bf00000, 0x000000008bf00000, 0x000000008c000000|  0%| F|  |TAMS 0x000000008bf00000| PB 0x000000008bf00000| Untracked |  0
|  32|0x000000008c000000, 0x000000008c000000, 0x000000008c100000|  0%| F|  |TAMS 0x000000008c000000| PB 0x000000008c000000| Untracked |  0
|  33|0x000000008c100000, 0x000000008c100000, 0x000000008c200000|  0%| F|  |TAMS 0x000000008c100000| PB 0x000000008c100000| Untracked |  0
|  34|0x000000008c200000, 0x000000008c200000, 0x000000008c300000|  0%| F|  |TAMS 0x000000008c200000| PB 0x000000008c200000| Untracked |  0
|  35|0x000000008c300000, 0x000000008c300000, 0x000000008c400000|  0%| F|  |TAMS 0x000000008c300000| PB 0x000000008c300000| Untracked |  0
|  36|0x000000008c400000, 0x000000008c400000, 0x000000008c500000|  0%| F|  |TAMS 0x000000008c400000| PB 0x000000008c400000| Untracked |  0
|  37|0x000000008c500000, 0x000000008c500000, 0x000000008c600000|  0%| F|  |TAMS 0x000000008c500000| PB 0x000000008c500000| Untracked |  0
|  38|0x000000008c600000, 0x000000008c600000, 0x000000008c700000|  0%| F|  |TAMS 0x000000008c600000| PB 0x000000008c600000| Untracked |  0
|  39|0x000000008c700000, 0x000000008c700000, 0x000000008c800000|  0%| F|  |TAMS 0x000000008c700000| PB 0x000000008c700000| Untracked |  0
|  40|0x000000008c800000, 0x000000008c800000, 0x000000008c900000|  0%| F|  |TAMS 0x000000008c800000| PB 0x000000008c800000| Untracked |  0
|  41|0x000000008c900000, 0x000000008c900000, 0x000000008ca00000|  0%| F|  |TAMS 0x000000008c900000| PB 0x000000008c900000| Untracked |  0
|  42|0x000000008ca00000, 0x000000008ca00000, 0x000000008cb00000|  0%| F|  |TAMS 0x000000008ca00000| PB 0x000000008ca00000| Untracked |  0
|  43|0x000000008cb00000, 0x000000008cb00000, 0x000000008cc00000|  0%| F|  |TAMS 0x000000008cb00000| PB 0x000000008cb00000| Untracked |  0
|  44|0x000000008cc00000, 0x000000008cc00000, 0x000000008cd00000|  0%| F|  |TAMS 0x000000008cc00000| PB 0x000000008cc00000| Untracked |  0
|  45|0x000000008cd00000, 0x000000008cd00000, 0x000000008ce00000|  0%| F|  |TAMS 0x000000008cd00000| PB 0x000000008cd00000| Untracked |  0
|  46|0x000000008ce00000, 0x000000008ce00000, 0x000000008cf00000|  0%| F|  |TAMS 0x000000008ce00000| PB 0x000000008ce00000| Untracked |  0
|  47|0x000000008cf00000, 0x000000008cf00000, 0x000000008d000000|  0%| F|  |TAMS 0x000000008cf00000| PB 0x000000008cf00000| Untracked |  0
|  48|0x000000008d000000, 0x000000008d000000, 0x000000008d100000|  0%| F|  |TAMS 0x000000008d000000| PB 0x000000008d000000| Untracked |  0
|  49|0x000000008d100000, 0x000000008d100000, 0x000000008d200000|  0%| F|  |TAMS 0x000000008d100000| PB 0x000000008d100000| Untracked |  0
|  50|0x000000008d200000, 0x000000008d200000, 0x000000008d300000|  0%| F|  |TAMS 0x000000008d200000| PB 0x000000008d200000| Untracked |  0
|  51|0x000000008d300000, 0x000000008d300000, 0x000000008d400000|  0%| F|  |TAMS 0x000000008d300000| PB 0x000000008d300000| Untracked |  0
|  52|0x000000008d400000, 0x000000008d400000, 0x000000008d500000|  0%| F|  |TAMS 0x000000008d400000| PB 0x000000008d400000| Untracked |  0
|  53|0x000000008d500000, 0x000000008d500000, 0x000000008d600000|  0%| F|  |TAMS 0x000000008d500000| PB 0x000000008d500000| Untracked |  0
|  54|0x000000008d600000, 0x000000008d600000, 0x000000008d700000|  0%| F|  |TAMS 0x000000008d600000| PB 0x000000008d600000| Untracked |  0
|  55|0x000000008d700000, 0x000000008d700000, 0x000000008d800000|  0%| F|  |TAMS 0x000000008d700000| PB 0x000000008d700000| Untracked |  0
|  56|0x000000008d800000, 0x000000008d800000, 0x000000008d900000|  0%| F|  |TAMS 0x000000008d800000| PB 0x000000008d800000| Untracked |  0
|  57|0x000000008d900000, 0x000000008d900000, 0x000000008da00000|  0%| F|  |TAMS 0x000000008d900000| PB 0x000000008d900000| Untracked |  0
|  58|0x000000008da00000, 0x000000008da00000, 0x000000008db00000|  0%| F|  |TAMS 0x000000008da00000| PB 0x000000008da00000| Untracked |  0
|  59|0x000000008db00000, 0x000000008db00000, 0x000000008dc00000|  0%| F|  |TAMS 0x000000008db00000| PB 0x000000008db00000| Untracked |  0
|  60|0x000000008dc00000, 0x000000008dc00000, 0x000000008dd00000|  0%| F|  |TAMS 0x000000008dc00000| PB 0x000000008dc00000| Untracked |  0
|  61|0x000000008dd00000, 0x000000008dd00000, 0x000000008de00000|  0%| F|  |TAMS 0x000000008dd00000| PB 0x000000008dd00000| Untracked |  0
|  62|0x000000008de00000, 0x000000008de00000, 0x000000008df00000|  0%| F|  |TAMS 0x000000008de00000| PB 0x000000008de00000| Untracked |  0
|  63|0x000000008df00000, 0x000000008df00000, 0x000000008e000000|  0%| F|  |TAMS 0x000000008df00000| PB 0x000000008df00000| Untracked |  0
|  64|0x000000008e000000, 0x000000008e000000, 0x000000008e100000|  0%| F|  |TAMS 0x000000008e000000| PB 0x000000008e000000| Untracked |  0
|  65|0x000000008e100000, 0x000000008e100000, 0x000000008e200000|  0%| F|  |TAMS 0x000000008e100000| PB 0x000000008e100000| Untracked |  0
|  66|0x000000008e200000, 0x000000008e200000, 0x000000008e300000|  0%| F|  |TAMS 0x000000008e200000| PB 0x000000008e200000| Untracked |  0
|  67|0x000000008e300000, 0x000000008e300000, 0x000000008e400000|  0%| F|  |TAMS 0x000000008e300000| PB 0x000000008e300000| Untracked |  0
|  68|0x000000008e400000, 0x000000008e400000, 0x000000008e500000|  0%| F|  |TAMS 0x000000008e400000| PB 0x000000008e400000| Untracked |  0
|  69|0x000000008e500000, 0x000000008e500000, 0x000000008e600000|  0%| F|  |TAMS 0x000000008e500000| PB 0x000000008e500000| Untracked |  0
|  70|0x000000008e600000, 0x000000008e600000, 0x000000008e700000|  0%| F|  |TAMS 0x000000008e600000| PB 0x000000008e600000| Untracked |  0
|  71|0x000000008e700000, 0x000000008e700000, 0x000000008e800000|  0%| F|  |TAMS 0x000000008e700000| PB 0x000000008e700000| Untracked |  0
|  72|0x000000008e800000, 0x000000008e800000, 0x000000008e900000|  0%| F|  |TAMS 0x000000008e800000| PB 0x000000008e800000| Untracked |  0
|  73|0x000000008e900000, 0x000000008e900000, 0x000000008ea00000|  0%| F|  |TAMS 0x000000008e900000| PB 0x000000008e900000| Untracked |  0
|  74|0x000000008ea00000, 0x000000008ea00000, 0x000000008eb00000|  0%| F|  |TAMS 0x000000008ea00000| PB 0x000000008ea00000| Untracked |  0
|  75|0x000000008eb00000, 0x000000008eb00000, 0x000000008ec00000|  0%| F|  |TAMS 0x000000008eb00000| PB 0x000000008eb00000| Untracked |  0
|  76|0x000000008ec00000, 0x000000008ec00000, 0x000000008ed00000|  0%| F|  |TAMS 0x000000008ec00000| PB 0x000000008ec00000| Untracked |  0
|  77|0x000000008ed00000, 0x000000008ed00000, 0x000000008ee00000|  0%| F|  |TAMS 0x000000008ed00000| PB 0x000000008ed00000| Untracked |  0
|  78|0x000000008ee00000, 0x000000008ee00000, 0x000000008ef00000|  0%| F|  |TAMS 0x000000008ee00000| PB 0x000000008ee00000| Untracked |  0
|  79|0x000000008ef00000, 0x000000008ef00000, 0x000000008f000000|  0%| F|  |TAMS 0x000000008ef00000| PB 0x000000008ef00000| Untracked |  0
|  80|0x000000008f000000, 0x000000008f000000, 0x000000008f100000|  0%| F|  |TAMS 0x000000008f000000| PB 0x000000008f000000| Untracked |  0
|  81|0x000000008f100000, 0x000000008f100000, 0x000000008f200000|  0%| F|  |TAMS 0x000000008f100000| PB 0x000000008f100000| Untracked |  0
|  82|0x000000008f200000, 0x000000008f200000, 0x000000008f300000|  0%| F|  |TAMS 0x000000008f200000| PB 0x000000008f200000| Untracked |  0
|  83|0x000000008f300000, 0x000000008f300000, 0x000000008f400000|  0%| F|  |TAMS 0x000000008f300000| PB 0x000000008f300000| Untracked |  0
|  84|0x000000008f400000, 0x000000008f400000, 0x000000008f500000|  0%| F|  |TAMS 0x000000008f400000| PB 0x000000008f400000| Untracked |  0
|  85|0x000000008f500000, 0x000000008f500000, 0x000000008f600000|  0%| F|  |TAMS 0x000000008f500000| PB 0x000000008f500000| Untracked |  0
|  86|0x000000008f600000, 0x000000008f600000, 0x000000008f700000|  0%| F|  |TAMS 0x000000008f600000| PB 0x000000008f600000| Untracked |  0
|  87|0x000000008f700000, 0x000000008f700000, 0x000000008f800000|  0%| F|  |TAMS 0x000000008f700000| PB 0x000000008f700000| Untracked |  0
|  88|0x000000008f800000, 0x000000008f800000, 0x000000008f900000|  0%| F|  |TAMS 0x000000008f800000| PB 0x000000008f800000| Untracked |  0
|  89|0x000000008f900000, 0x000000008f900000, 0x000000008fa00000|  0%| F|  |TAMS 0x000000008f900000| PB 0x000000008f900000| Untracked |  0
|  90|0x000000008fa00000, 0x000000008fa00000, 0x000000008fb00000|  0%| F|  |TAMS 0x000000008fa00000| PB 0x000000008fa00000| Untracked |  0
|  91|0x000000008fb00000, 0x000000008fb00000, 0x000000008fc00000|  0%| F|  |TAMS 0x000000008fb00000| PB 0x000000008fb00000| Untracked |  0
|  92|0x000000008fc00000, 0x000000008fc00000, 0x000000008fd00000|  0%| F|  |TAMS 0x000000008fc00000| PB 0x000000008fc00000| Untracked |  0
|  93|0x000000008fd00000, 0x000000008fd00000, 0x000000008fe00000|  0%| F|  |TAMS 0x000000008fd00000| PB 0x000000008fd00000| Untracked |  0
|  94|0x000000008fe00000, 0x000000008fe00000, 0x000000008ff00000|  0%| F|  |TAMS 0x000000008fe00000| PB 0x000000008fe00000| Untracked |  0
|  95|0x000000008ff00000, 0x000000008ff00000, 0x0000000090000000|  0%| F|  |TAMS 0x000000008ff00000| PB 0x000000008ff00000| Untracked |  0
|  96|0x0000000090000000, 0x0000000090000000, 0x0000000090100000|  0%| F|  |TAMS 0x0000000090000000| PB 0x0000000090000000| Untracked |  0
|  97|0x0000000090100000, 0x0000000090100000, 0x0000000090200000|  0%| F|  |TAMS 0x0000000090100000| PB 0x0000000090100000| Untracked |  0
|  98|0x0000000090200000, 0x0000000090200000, 0x0000000090300000|  0%| F|  |TAMS 0x0000000090200000| PB 0x0000000090200000| Untracked |  0
|  99|0x0000000090300000, 0x0000000090300000, 0x0000000090400000|  0%| F|  |TAMS 0x0000000090300000| PB 0x0000000090300000| Untracked |  0
| 100|0x0000000090400000, 0x0000000090400000, 0x0000000090500000|  0%| F|  |TAMS 0x0000000090400000| PB 0x0000000090400000| Untracked |  0
| 101|0x0000000090500000, 0x0000000090500000, 0x0000000090600000|  0%| F|  |TAMS 0x0000000090500000| PB 0x0000000090500000| Untracked |  0
| 102|0x0000000090600000, 0x0000000090600000, 0x0000000090700000|  0%| F|  |TAMS 0x0000000090600000| PB 0x0000000090600000| Untracked |  0
| 103|0x0000000090700000, 0x0000000090700000, 0x0000000090800000|  0%| F|  |TAMS 0x0000000090700000| PB 0x0000000090700000| Untracked |  0
| 104|0x0000000090800000, 0x0000000090800000, 0x0000000090900000|  0%| F|  |TAMS 0x0000000090800000| PB 0x0000000090800000| Untracked |  0
| 105|0x0000000090900000, 0x0000000090900000, 0x0000000090a00000|  0%| F|  |TAMS 0x0000000090900000| PB 0x0000000090900000| Untracked |  0
| 106|0x0000000090a00000, 0x0000000090a00000, 0x0000000090b00000|  0%| F|  |TAMS 0x0000000090a00000| PB 0x0000000090a00000| Untracked |  0
| 107|0x0000000090b00000, 0x0000000090b00000, 0x0000000090c00000|  0%| F|  |TAMS 0x0000000090b00000| PB 0x0000000090b00000| Untracked |  0
| 108|0x0000000090c00000, 0x0000000090c00000, 0x0000000090d00000|  0%| F|  |TAMS 0x0000000090c00000| PB 0x0000000090c00000| Untracked |  0
| 109|0x0000000090d00000, 0x0000000090d00000, 0x0000000090e00000|  0%| F|  |TAMS 0x0000000090d00000| PB 0x0000000090d00000| Untracked |  0
| 110|0x0000000090e00000, 0x0000000090e00000, 0x0000000090f00000|  0%| F|  |TAMS 0x0000000090e00000| PB 0x0000000090e00000| Untracked |  0
| 111|0x0000000090f00000, 0x0000000090f00000, 0x0000000091000000|  0%| F|  |TAMS 0x0000000090f00000| PB 0x0000000090f00000| Untracked |  0
| 112|0x0000000091000000, 0x0000000091000000, 0x0000000091100000|  0%| F|  |TAMS 0x0000000091000000| PB 0x0000000091000000| Untracked |  0
| 113|0x0000000091100000, 0x0000000091100000, 0x0000000091200000|  0%| F|  |TAMS 0x0000000091100000| PB 0x0000000091100000| Untracked |  0
| 114|0x0000000091200000, 0x0000000091200000, 0x0000000091300000|  0%| F|  |TAMS 0x0000000091200000| PB 0x0000000091200000| Untracked |  0
| 115|0x0000000091300000, 0x00000000913e14a8, 0x0000000091400000| 88%| E|  |TAMS 0x0000000091300000| PB 0x0000000091300000| Complete |  0
| 116|0x0000000091400000, 0x0000000091500000, 0x0000000091500000|100%| E|CS|TAMS 0x0000000091400000| PB 0x0000000091400000| Complete |  0
| 117|0x0000000091500000, 0x0000000091600000, 0x0000000091600000|100%| E|CS|TAMS 0x0000000091500000| PB 0x0000000091500000| Complete |  0

Card table byte_map: [0x00000295ed790000,0x00000295edb40000] _byte_map_base: 0x00000295ed340000

Marking Bits: (CMBitMap*) 0x00000295d5ffcf40
 Bits: [0x00000295edb40000, 0x00000295ef8c0000)

Polling page: 0x00000295d3f40000

Metaspace:

Usage:
  Non-class:    229.07 KB used.
      Class:      7.11 KB used.
       Both:    236.18 KB used.

Virtual space:
  Non-class space:       64.00 MB reserved,     320.00 KB ( <1%) committed,  1 nodes.
      Class space:        1.00 GB reserved,     128.00 KB ( <1%) committed,  1 nodes.
             Both:        1.06 GB reserved,     448.00 KB ( <1%) committed. 

Chunk freelists:
   Non-Class:  12.00 MB
       Class:  15.75 MB
        Both:  27.74 MB

MaxMetaspaceSize: unlimited
CompressedClassSpaceSize: 1.00 GB
Initial GC threshold: 21.00 MB
Current GC threshold: 21.00 MB
CDS: on
 - commit_granule_bytes: 65536.
 - commit_granule_words: 8192.
 - virtual_space_node_default_size: 8388608.
 - enlarge_chunks_in_place: 1.
 - use_allocation_guard: 0.


Internal statistics:

num_allocs_failed_limit: 0.
num_arena_births: 6.
num_arena_deaths: 0.
num_vsnodes_births: 2.
num_vsnodes_deaths: 0.
num_space_committed: 7.
num_space_uncommitted: 0.
num_chunks_returned_to_freelist: 0.
num_chunks_taken_from_freelist: 7.
num_chunk_merges: 0.
num_chunk_splits: 5.
num_chunks_enlarged: 2.
num_inconsistent_stats: 0.

CodeHeap 'non-profiled nmethods': size=120000Kb used=52Kb max_used=52Kb free=119947Kb
 bounds [0x00000295e5da0000, 0x00000295e6010000, 0x00000295ed2d0000]
CodeHeap 'profiled nmethods': size=120000Kb used=144Kb max_used=144Kb free=119855Kb
 bounds [0x00000295de2d0000, 0x00000295de540000, 0x00000295e5800000]
CodeHeap 'non-nmethods': size=5760Kb used=1310Kb max_used=1326Kb free=4449Kb
 bounds [0x00000295e5800000, 0x00000295e5a70000, 0x00000295e5da0000]
 total_blobs=508 nmethods=142 adapters=271
 compilation: enabled
              stopped_count=0, restarted_count=0
 full_count=0

Compilation events (20 events):
Event: 0.068 Thread 0x00000295f2112640 nmethod 132 0x00000295de2f1390 code [0x00000295de2f1540, 0x00000295de2f1938]
Event: 0.068 Thread 0x00000295f2112640  130       3       java.util.HashMap::containsKey (14 bytes)
Event: 0.068 Thread 0x00000295f2112640 nmethod 130 0x00000295de2f1a90 code [0x00000295de2f1c40, 0x00000295de2f1de0]
Event: 0.068 Thread 0x00000295f2112640  135       3       java.util.HashMap::keySet (25 bytes)
Event: 0.068 Thread 0x00000295f2112640 nmethod 135 0x00000295de2f1e90 code [0x00000295de2f2060, 0x00000295de2f2430]
Event: 0.068 Thread 0x00000295f20f1b60 nmethod 128 0x00000295e5daae10 code [0x00000295e5daafa0, 0x00000295e5dab088]
Event: 0.068 Thread 0x00000295f2112640  136       3       java.util.HashMap$KeySet::iterator (12 bytes)
Event: 0.068 Thread 0x00000295f20f1b60  139       4       java.util.HashMap::putVal (300 bytes)
Event: 0.068 Thread 0x00000295f2112640 nmethod 136 0x00000295de2f2590 code [0x00000295de2f2740, 0x00000295de2f2958]
Event: 0.068 Thread 0x00000295f2112640  137       3       java.util.HashMap$KeyIterator::<init> (6 bytes)
Event: 0.068 Thread 0x00000295f2112640 nmethod 137 0x00000295de2f2a90 code [0x00000295de2f2c40, 0x00000295de2f2d90]
Event: 0.068 Thread 0x00000295f2112640  140       3       java.lang.module.ResolvedModule::hashCode (16 bytes)
Event: 0.068 Thread 0x00000295f2112640 nmethod 140 0x00000295de2f2e10 code [0x00000295de2f2fc0, 0x00000295de2f31f0]
Event: 0.068 Thread 0x00000295f2112640  134       3       java.util.AbstractSet::<init> (5 bytes)
Event: 0.068 Thread 0x00000295f2112640 nmethod 134 0x00000295de2f3310 code [0x00000295de2f34c0, 0x00000295de2f3688]
Event: 0.068 Thread 0x00000295f2112640  138       3       java.util.HashSet::iterator (13 bytes)
Event: 0.069 Thread 0x00000295f2112640 nmethod 138 0x00000295de2f3790 code [0x00000295de2f3940, 0x00000295de2f3be0]
Event: 0.069 Thread 0x00000295f2112640  144       3       java.util.concurrent.ConcurrentHashMap$Node::<init> (20 bytes)
Event: 0.069 Thread 0x00000295f2112640 nmethod 144 0x00000295de2f3d10 code [0x00000295de2f3ec0, 0x00000295de2f40e8]
Event: 0.069 Thread 0x00000295f2112640  146   !   3       java.util.concurrent.ConcurrentHashMap::putVal (432 bytes)

GC Heap History (0 events):
No events

Dll operation events (3 events):
Event: 0.014 Loaded shared library C:\Program Files\Java\jdk-22\bin\java.dll
Event: 0.015 Loaded shared library C:\Program Files\Java\jdk-22\bin\zip.dll
Event: 0.041 Loaded shared library C:\Program Files\Java\jdk-22\bin\jsvml.dll

Deoptimization events (0 events):
No events

Classes loaded (8 events):
Event: 0.036 Loading class sun/nio/cs/MS1251
Event: 0.036 Loading class sun/nio/cs/MS1251 done
Event: 0.037 Loading class sun/nio/cs/MS1251$Holder
Event: 0.037 Loading class sun/nio/cs/MS1251$Holder done
Event: 0.038 Loading class sun/nio/cs/UTF_8$Encoder
Event: 0.038 Loading class sun/nio/cs/UTF_8$Encoder done
Event: 0.063 Loading class jdk/internal/module/ModuleReferenceImpl$CachedHash
Event: 0.063 Loading class jdk/internal/module/ModuleReferenceImpl$CachedHash done

Classes unloaded (0 events):
No events

Classes redefined (0 events):
No events

Internal exceptions (0 events):
No events

ZGC Phase Switch (0 events):
No events

VM Operations (2 events):
Event: 0.063 Executing VM operation: HandshakeAllThreads (Deoptimize)
Event: 0.063 Executing VM operation: HandshakeAllThreads (Deoptimize) done

Events (10 events):
Event: 0.027 Thread 0x00000295d5fa8e20 Thread added: 0x00000295d5fa8e20
Event: 0.039 Thread 0x00000295f20cbf80 Thread added: 0x00000295f20cbf80
Event: 0.039 Thread 0x00000295f20cecb0 Thread added: 0x00000295f20cecb0
Event: 0.039 Thread 0x00000295f20d0880 Thread added: 0x00000295f20d0880
Event: 0.039 Thread 0x00000295f20d3540 Thread added: 0x00000295f20d3540
Event: 0.039 Thread 0x00000295f20e05e0 Thread added: 0x00000295f20e05e0
Event: 0.039 Thread 0x00000295f20e1040 Thread added: 0x00000295f20e1040
Event: 0.040 Thread 0x00000295f20f1b60 Thread added: 0x00000295f20f1b60
Event: 0.040 Thread 0x00000295f2112640 Thread added: 0x00000295f2112640
Event: 0.057 Thread 0x00000295f20a0410 Thread added: 0x00000295f20a0410


Dynamic libraries:
0x00007ff7a54f0000 - 0x00007ff7a5500000 	C:\Program Files\Java\jdk-22\bin\java.exe
0x00007ff9c86d0000 - 0x00007ff9c88c8000 	C:\Windows\SYSTEM32\ntdll.dll
0x00007ff9c6d30000 - 0x00007ff9c6df2000 	C:\Windows\System32\KERNEL32.DLL
0x00007ff9c6220000 - 0x00007ff9c651e000 	C:\Windows\System32\KERNELBASE.dll
0x00007ff9c6520000 - 0x00007ff9c6620000 	C:\Windows\System32\ucrtbase.dll
0x00007ff9c38a0000 - 0x00007ff9c38b7000 	C:\Program Files\Java\jdk-22\bin\jli.dll
0x00007ff9c38c0000 - 0x00007ff9c38db000 	C:\Program Files\Java\jdk-22\bin\VCRUNTIME140.dll
0x00007ff9c7120000 - 0x00007ff9c71d1000 	C:\Windows\System32\ADVAPI32.dll
0x00007ff9c7310000 - 0x00007ff9c73ae000 	C:\Windows\System32\msvcrt.dll
0x00007ff9c7ba0000 - 0x00007ff9c7c3f000 	C:\Windows\System32\sechost.dll
0x00007ff9c71e0000 - 0x00007ff9c7303000 	C:\Windows\System32\RPCRT4.dll
0x00007ff9c5e70000 - 0x00007ff9c5e97000 	C:\Windows\System32\bcrypt.dll
0x00007ff9c6830000 - 0x00007ff9c69cd000 	C:\Windows\System32\USER32.dll
0x00007ff9c6620000 - 0x00007ff9c6642000 	C:\Windows\System32\win32u.dll
0x00007ff9c6d00000 - 0x00007ff9c6d2b000 	C:\Windows\System32\GDI32.dll
0x00007ff9c6100000 - 0x00007ff9c6217000 	C:\Windows\System32\gdi32full.dll
0x00007ff9c6650000 - 0x00007ff9c66ed000 	C:\Windows\System32\msvcp_win.dll
0x00007ff9c4950000 - 0x00007ff9c4bea000 	C:\Windows\WinSxS\amd64_microsoft.windows.common-controls_6595b64144ccf1df_6.0.19041.4355_none_60b8b9eb71f62e16\COMCTL32.dll
0x00007ff9c5860000 - 0x00007ff9c586a000 	C:\Windows\SYSTEM32\VERSION.dll
0x00007ff9c6800000 - 0x00007ff9c682f000 	C:\Windows\System32\IMM32.DLL
0x0000000060f70000 - 0x0000000060f7c000 	C:\Program Files (x86)\360\Total Security\safemon\SafeWrapper.dll
0x00007ff9bfe60000 - 0x00007ff9bff0c000 	C:\Program Files (x86)\360\Total Security\safemon\libzdtp64.dll
0x00007ff9c7e50000 - 0x00007ff9c85bd000 	C:\Windows\System32\SHELL32.dll
0x00007ff9c7c40000 - 0x00007ff9c7c95000 	C:\Windows\System32\SHLWAPI.dll
0x00007ff9c3880000 - 0x00007ff9c388c000 	C:\Program Files\Java\jdk-22\bin\vcruntime140_1.dll
0x00007ff9c37f0000 - 0x00007ff9c387e000 	C:\Program Files\Java\jdk-22\bin\msvcp140.dll
0x00007ff944dd0000 - 0x00007ff945b17000 	C:\Program Files\Java\jdk-22\bin\server\jvm.dll
0x00007ff9c7000000 - 0x00007ff9c706b000 	C:\Windows\System32\WS2_32.dll
0x00007ff9c5aa0000 - 0x00007ff9c5aeb000 	C:\Windows\SYSTEM32\POWRPROF.dll
0x00007ff9c4170000 - 0x00007ff9c4197000 	C:\Windows\SYSTEM32\WINMM.dll
0x00007ff9c5890000 - 0x00007ff9c58a2000 	C:\Windows\SYSTEM32\UMPDC.dll
0x00007ff9c3a60000 - 0x00007ff9c3a72000 	C:\Windows\SYSTEM32\kernel.appcore.dll
0x00007ff9c37e0000 - 0x00007ff9c37ea000 	C:\Program Files\Java\jdk-22\bin\jimage.dll
0x00007ff9c3490000 - 0x00007ff9c3674000 	C:\Windows\SYSTEM32\DBGHELP.DLL
0x00007ff9b9820000 - 0x00007ff9b9854000 	C:\Windows\SYSTEM32\dbgcore.DLL
0x00007ff9c5f10000 - 0x00007ff9c5f92000 	C:\Windows\System32\bcryptPrimitives.dll
0x00007ff9c3760000 - 0x00007ff9c379c000 	C:\Program Files\Java\jdk-22\bin\jdwp.dll
0x00007ff9c3750000 - 0x00007ff9c375f000 	C:\Program Files\Java\jdk-22\bin\instrument.dll
0x00007ff9c37c0000 - 0x00007ff9c37de000 	C:\Program Files\Java\jdk-22\bin\java.dll
0x00007ff9c6ab0000 - 0x00007ff9c6bdb000 	C:\Windows\System32\ole32.dll
0x00007ff9c73b0000 - 0x00007ff9c7703000 	C:\Windows\System32\combase.dll
0x00007ff9c3730000 - 0x00007ff9c3747000 	C:\Program Files\Java\jdk-22\bin\zip.dll
0x00007ff9c41a0000 - 0x00007ff9c4944000 	C:\Windows\SYSTEM32\windows.storage.dll
0x00007ff9c56c0000 - 0x00007ff9c56ee000 	C:\Windows\SYSTEM32\Wldp.dll
0x00007ff9c85c0000 - 0x00007ff9c868d000 	C:\Windows\System32\OLEAUT32.dll
0x00007ff9c7070000 - 0x00007ff9c711d000 	C:\Windows\System32\SHCORE.dll
0x00007ff9c5ca0000 - 0x00007ff9c5cc4000 	C:\Windows\SYSTEM32\profapi.dll
0x00007ff9b73e0000 - 0x00007ff9b74b7000 	C:\Program Files\Java\jdk-22\bin\jsvml.dll
0x00007ff9c36e0000 - 0x00007ff9c36ec000 	C:\Program Files\Java\jdk-22\bin\dt_socket.dll
0x00007ff9c50a0000 - 0x00007ff9c50db000 	C:\Windows\SYSTEM32\IPHLPAPI.DLL
0x00007ff9c53c0000 - 0x00007ff9c542a000 	C:\Windows\system32\mswsock.dll

dbghelp: loaded successfully - version: 4.0.5 - missing functions: none
symbol engine: initialized successfully - sym options: 0x614 - pdb path: .;C:\Program Files\Java\jdk-22\bin;C:\Windows\SYSTEM32;C:\Windows\WinSxS\amd64_microsoft.windows.common-controls_6595b64144ccf1df_6.0.19041.4355_none_60b8b9eb71f62e16;C:\Program Files (x86)\360\Total Security\safemon;C:\Program Files\Java\jdk-22\bin\server

VM Arguments:
jvm_args: -agentlib:jdwp=transport=dt_socket,address=127.0.0.1:59146,suspend=y,server=n -javaagent:C:\Users\Andrii\AppData\Local\JetBrains\IntelliJIdea2024.1\captureAgent\debugger-agent.jar -Dfile.encoding=UTF-8 -Dsun.stdout.encoding=UTF-8 -Dsun.stderr.encoding=UTF-8 
java_command: com.java_beginning.lesson_2_3_4.calculator.CalculatorTest
java_class_path (initial): C:\Users\Andrii\IdeaProjects\java_beginning\out\production\java_beginning;C:\Program Files\JetBrains\IntelliJ IDEA 2024.1.2\lib\idea_rt.jar
Launcher Type: SUN_STANDARD

[Global flags]
     intx CICompilerCount                          = 3                                         {product} {ergonomic}
     uint ConcGCThreads                            = 2                                         {product} {ergonomic}
     uint G1ConcRefinementThreads                  = 6                                         {product} {ergonomic}
   size_t G1HeapRegionSize                         = 1048576                                   {product} {ergonomic}
   size_t InitialHeapSize                          = 123731968                                 {product} {ergonomic}
   size_t MarkStackSize                            = 4194304                                   {product} {ergonomic}
   size_t MaxHeapSize                              = 1979711488                                {product} {ergonomic}
   size_t MaxNewSize                               = 1186988032                                {product} {ergonomic}
   size_t MinHeapDeltaBytes                        = 1048576                                   {product} {ergonomic}
   size_t MinHeapSize                              = 8388608                                   {product} {ergonomic}
    uintx NonNMethodCodeHeapSize                   = 5832780                                {pd product} {ergonomic}
    uintx NonProfiledCodeHeapSize                  = 122912730                              {pd product} {ergonomic}
    uintx ProfiledCodeHeapSize                     = 122912730                              {pd product} {ergonomic}
    uintx ReservedCodeCacheSize                    = 251658240                              {pd product} {ergonomic}
     bool SegmentedCodeCache                       = true                                      {product} {ergonomic}
   size_t SoftMaxHeapSize                          = 1979711488                             {manageable} {ergonomic}
     bool UseCompressedOops                        = true                           {product lp64_product} {ergonomic}
     bool UseG1GC                                  = true                                      {product} {ergonomic}
     bool UseLargePagesIndividualAllocation        = false                                  {pd product} {ergonomic}

Logging:
Log output configuration:
 #0: stdout all=warning uptime,level,tags foldmultilines=false
 #1: stderr all=off uptime,level,tags foldmultilines=false

Environment Variables:
JAVA_HOME=C:\Users\Andrii\.jdks\openjdk-19.0.1
PATH=C:\Program Files\Common Files\Oracle\Java\javapath;C:\ProgramData\Oracle\Java\javapath;C:\Windows\system32;C:\Windows;C:\Windows\System32\Wbem;C:\Windows\System32\WindowsPowerShell\v1.0\;C:\Windows\System32\OpenSSH\;C:\Program Files\Java\jdk-22\bin;C:\DevTools\maven\apache-maven-3.9.6\bin;C:\Program Files\Git\cmd;C:\Users\Andrii\AppData\Local\Microsoft\WindowsApps;C:\Users\Andrii\AppData\Local\Programs\Microsoft VS Code\bin;C:\Users\Andrii\AppData\Local\GitHubDesktop\bin;C:\Users\Andrii\AppData\Local\JetBrains\Toolbox\scripts;;C:\Program Files\JetBrains\IntelliJ IDEA 2024.1.2\bin;
USERNAME=Andrii
OS=Windows_NT
PROCESSOR_IDENTIFIER=AMD64 Family 23 Model 96 Stepping 1, AuthenticAMD
TMP=C:\Users\Andrii\AppData\Local\Temp
TEMP=C:\Users\Andrii\AppData\Local\Temp




Periodic native trim disabled

---------------  S Y S T E M  ---------------

OS:
 Windows 10 , 64 bit Build 19041 (10.0.19041.5198)
OS uptime: 6 days 8:38 hours

CPU: total 6 (initial active 6) (6 cores per cpu, 1 threads per core) family 23 model 96 stepping 1 microcode 0x0, cx8, cmov, fxsr, mmx, 3dnowpref, sse, sse2, sse3, ssse3, sse4a, sse4.1, sse4.2, popcnt, lzcnt, tsc, tscinvbit, avx, avx2, aes, clmul, bmi1, bmi2, adx, sha, fma, vzeroupper, clflush, clflushopt, rdtscp, rdpid, f16c
Processor Information for all 6 processors :
  Max Mhz: 2375, Current Mhz: 2375, Mhz Limit: 2375

Memory: 4k page, system-wide physical 7549M (713M free)
TotalPageFile size 31101M (AvailPageFile size 200M)
current process WorkingSet (physical memory assigned to process): 38M, peak: 38M
current process commit charge ("private bytes"): 196M, peak: 196M

vm_info: Java HotSpot(TM) 64-Bit Server VM (22.0.1+8-16) for windows-amd64 JRE (22.0.1+8-16), built on 2024-03-12T10:33:16Z by "mach5one" with MS VC++ 17.6 (VS2022)

END.
