#
# There is insufficient memory for the Java Runtime Environment to continue.
# Native memory allocation (malloc) failed to allocate 1048576 bytes. Error detail: AllocateHeap
# Possible reasons:
#   The system is out of physical RAM or swap space
#   This process is running with CompressedOops enabled, and the Java Heap may be blocking the growth of the native heap
# Possible solutions:
#   Reduce memory load on the system
#   Increase physical memory or swap space
#   Check if swap backing store is full
#   Decrease Java heap size (-Xmx/-Xms)
#   Decrease number of Java threads
#   Decrease Java thread stack sizes (-Xss)
#   Set larger code cache with -XX:ReservedCodeCacheSize=
#   JVM is running with Unscaled Compressed Oops mode in which the Java heap is
#     placed in the first 4GB address space. The Java Heap base address is the
#     maximum limit for the native heap growth. Please use -XX:HeapBaseMinAddress
#     to set the Java Heap base and to place the Java Heap above 4GB virtual address.
# This output file may be truncated or incomplete.
#
#  Out of Memory Error (allocation.cpp:44), pid=22684, tid=18768
#
# JRE version:  (22.0.1+8) (build )
# Java VM: Java HotSpot(TM) 64-Bit Server VM (22.0.1+8-16, mixed mode, sharing, tiered, compressed oops, compressed class ptrs, g1 gc, windows-amd64)
# No core dump will be written. Minidumps are not enabled by default on client versions of Windows
#

---------------  S U M M A R Y ------------

Command Line: -javaagent:C:\Program Files\JetBrains\IntelliJ IDEA 2024.1.2\lib\idea_rt.jar=51577:C:\Program Files\JetBrains\IntelliJ IDEA 2024.1.2\bin -Dfile.encoding=UTF-8 -Dsun.stdout.encoding=UTF-8 -Dsun.stderr.encoding=UTF-8 com.java_beginning.lesson_2_3_4.array.CharacterTriangle

Host: AMD Ryzen 5 4500U with Radeon Graphics         , 6 cores, 7G,  Windows 10 , 64 bit Build 19041 (10.0.19041.5198)
Time: Wed Jan  8 15:59:37 2025 RTZ 2 (s 10 , 64 bit Build 19041 (10.0.19041.5198) elapsed time: 0.014219 seconds (0d 0h 0m 0s)

---------------  T H R E A D  ---------------

Current thread (0x000001a04e304490):  JavaThread "Unknown thread" [_thread_in_vm, id=18768, stack(0x0000001e23500000,0x0000001e23600000) (1024K)]

Stack: [0x0000001e23500000,0x0000001e23600000]
Native frames: (J=compiled Java code, j=interpreted, Vv=VM code, C=native code)
V  [jvm.dll+0x6e2279]  (no source info available)
V  [jvm.dll+0x874e33]  (no source info available)
V  [jvm.dll+0x87725e]  (no source info available)
V  [jvm.dll+0x877933]  (no source info available)
V  [jvm.dll+0x27fd76]  (no source info available)
V  [jvm.dll+0xbe877]  (no source info available)
V  [jvm.dll+0x334fc4]  (no source info available)
V  [jvm.dll+0x32d12e]  (no source info available)
V  [jvm.dll+0x83ccdc]  (no source info available)
V  [jvm.dll+0x3c0d71]  (no source info available)
V  [jvm.dll+0x825ccc]  (no source info available)
V  [jvm.dll+0x45b8fe]  (no source info available)
V  [jvm.dll+0x45d781]  (no source info available)
C  [jli.dll+0x52a3]  (no source info available)
C  [ucrtbase.dll+0x21bb2]  (no source info available)
C  [KERNEL32.DLL+0x17374]  (no source info available)
C  [ntdll.dll+0x4cc91]  (no source info available)


---------------  P R O C E S S  ---------------

Threads class SMR info:
_java_thread_list=0x00007ff9459bb1c8, length=0, elements={
}

Java Threads: ( => current thread )
Total: 0

Other Threads:
  0x000001a04e356060 WorkerThread "GC Thread#0"                     [id=23268, stack(0x0000001e23600000,0x0000001e23700000) (1024K)]

[error occurred during error reporting (printing all threads), id 0xc0000005, EXCEPTION_ACCESS_VIOLATION (0xc0000005) at pc=0x00007ff945109a80]
VM state: not at safepoint (not fully initialized)

VM Mutex/Monitor currently owned by a thread:  ([mutex/lock_event])
[0x00007ff945a3bcb8] Heap_lock - owner thread: 0x000001a04e304490

Heap address: 0x000000008a000000, size: 1888 MB, Compressed Oops mode: 32-bit

CDS archive(s) mapped at: [0x0000000000000000-0x0000000000000000-0x0000000000000000), size 0, SharedBaseAddress: 0x0000000800000000, ArchiveRelocationMode: 1.
Narrow klass base: 0x0000000000000000, Narrow klass shift: 0, Narrow klass range: 0x0

GC Precious Log:
 CardTable entry size: 512
 Card Set container configuration: InlinePtr #cards 5 size 8 Array Of Cards #cards 12 size 40 Howl #buckets 4 coarsen threshold 1843 Howl Bitmap #cards 512 size 80 coarsen threshold 460 Card regions per heap region 1 cards per card region 2048

Heap:
 garbage-first heap   total reserved 1933312K, committed 0K, used 0K [0x000000008a000000, 0x0000000100000000)
  region size 1024K, 0 young (0K), 0 survivors (0K)

[error occurred during error reporting (printing heap information), id 0xc0000005, EXCEPTION_ACCESS_VIOLATION (0xc0000005) at pc=0x00007ff94550e429]
GC Heap History (0 events):
No events

Dll operation events (1 events):
Event: 0.010 Loaded shared library C:\Program Files\Java\jdk-22\bin\java.dll

Deoptimization events (0 events):
No events

Classes loaded (0 events):
No events

Classes unloaded (0 events):
No events

Classes redefined (0 events):
No events

Internal exceptions (0 events):
No events

ZGC Phase Switch (0 events):
No events

VM Operations (0 events):
No events

Events (0 events):
No events


Dynamic libraries:
0x00007ff7a54f0000 - 0x00007ff7a5500000 	C:\Program Files\Java\jdk-22\bin\java.exe
0x00007ff9c86d0000 - 0x00007ff9c88c8000 	C:\Windows\SYSTEM32\ntdll.dll
0x00007ff9c6d30000 - 0x00007ff9c6df2000 	C:\Windows\System32\KERNEL32.DLL
0x00007ff9c6220000 - 0x00007ff9c651e000 	C:\Windows\System32\KERNELBASE.dll
0x00007ff9c6520000 - 0x00007ff9c6620000 	C:\Windows\System32\ucrtbase.dll
0x00007ff9c38a0000 - 0x00007ff9c38b7000 	C:\Program Files\Java\jdk-22\bin\jli.dll
0x00007ff9c38c0000 - 0x00007ff9c38db000 	C:\Program Files\Java\jdk-22\bin\VCRUNTIME140.dll
0x00007ff9c7120000 - 0x00007ff9c71d1000 	C:\Windows\System32\ADVAPI32.dll
0x00007ff9c7310000 - 0x00007ff9c73ae000 	C:\Windows\System32\msvcrt.dll
0x00007ff9c7ba0000 - 0x00007ff9c7c3f000 	C:\Windows\System32\sechost.dll
0x00007ff9c71e0000 - 0x00007ff9c7303000 	C:\Windows\System32\RPCRT4.dll
0x00007ff9c5e70000 - 0x00007ff9c5e97000 	C:\Windows\System32\bcrypt.dll
0x00007ff9c6830000 - 0x00007ff9c69cd000 	C:\Windows\System32\USER32.dll
0x00007ff9c6620000 - 0x00007ff9c6642000 	C:\Windows\System32\win32u.dll
0x00007ff9c6d00000 - 0x00007ff9c6d2b000 	C:\Windows\System32\GDI32.dll
0x00007ff9c6100000 - 0x00007ff9c6217000 	C:\Windows\System32\gdi32full.dll
0x00007ff9c6650000 - 0x00007ff9c66ed000 	C:\Windows\System32\msvcp_win.dll
0x00007ff9c4950000 - 0x00007ff9c4bea000 	C:\Windows\WinSxS\amd64_microsoft.windows.common-controls_6595b64144ccf1df_6.0.19041.4355_none_60b8b9eb71f62e16\COMCTL32.dll
0x00007ff9c5860000 - 0x00007ff9c586a000 	C:\Windows\SYSTEM32\VERSION.dll
0x00007ff9c6800000 - 0x00007ff9c682f000 	C:\Windows\System32\IMM32.DLL
0x0000000060f70000 - 0x0000000060f7c000 	C:\Program Files (x86)\360\Total Security\safemon\SafeWrapper.dll
0x00007ff9bfe60000 - 0x00007ff9bff0c000 	C:\Program Files (x86)\360\Total Security\safemon\libzdtp64.dll
0x00007ff9c7e50000 - 0x00007ff9c85bd000 	C:\Windows\System32\SHELL32.dll
0x00007ff9c7c40000 - 0x00007ff9c7c95000 	C:\Windows\System32\SHLWAPI.dll
0x00007ff9c3880000 - 0x00007ff9c388c000 	C:\Program Files\Java\jdk-22\bin\vcruntime140_1.dll
0x00007ff9c37f0000 - 0x00007ff9c387e000 	C:\Program Files\Java\jdk-22\bin\msvcp140.dll
0x00007ff944dd0000 - 0x00007ff945b17000 	C:\Program Files\Java\jdk-22\bin\server\jvm.dll
0x00007ff9c7000000 - 0x00007ff9c706b000 	C:\Windows\System32\WS2_32.dll
0x00007ff9c5aa0000 - 0x00007ff9c5aeb000 	C:\Windows\SYSTEM32\POWRPROF.dll
0x00007ff9c4170000 - 0x00007ff9c4197000 	C:\Windows\SYSTEM32\WINMM.dll
0x00007ff9c5890000 - 0x00007ff9c58a2000 	C:\Windows\SYSTEM32\UMPDC.dll
0x00007ff9c3a60000 - 0x00007ff9c3a72000 	C:\Windows\SYSTEM32\kernel.appcore.dll
0x00007ff9c37e0000 - 0x00007ff9c37ea000 	C:\Program Files\Java\jdk-22\bin\jimage.dll
0x00007ff9c3490000 - 0x00007ff9c3674000 	C:\Windows\SYSTEM32\DBGHELP.DLL
0x00007ff9b9820000 - 0x00007ff9b9854000 	C:\Windows\SYSTEM32\dbgcore.DLL
0x00007ff9c5f10000 - 0x00007ff9c5f92000 	C:\Windows\System32\bcryptPrimitives.dll
0x00007ff9c3750000 - 0x00007ff9c375f000 	C:\Program Files\Java\jdk-22\bin\instrument.dll
0x00007ff9c37c0000 - 0x00007ff9c37de000 	C:\Program Files\Java\jdk-22\bin\java.dll
0x00007ff9c6ab0000 - 0x00007ff9c6bdb000 	C:\Windows\System32\ole32.dll
0x00007ff9c73b0000 - 0x00007ff9c7703000 	C:\Windows\System32\combase.dll

dbghelp: loaded successfully - version: 4.0.5 - missing functions: none
symbol engine: initialized successfully - sym options: 0x614 - pdb path: .;C:\Program Files\Java\jdk-22\bin;C:\Windows\SYSTEM32;C:\Windows\WinSxS\amd64_microsoft.windows.common-controls_6595b64144ccf1df_6.0.19041.4355_none_60b8b9eb71f62e16;C:\Program Files (x86)\360\Total Security\safemon;C:\Program Files\Java\jdk-22\bin\server

VM Arguments:
jvm_args: -javaagent:C:\Program Files\JetBrains\IntelliJ IDEA 2024.1.2\lib\idea_rt.jar=51577:C:\Program Files\JetBrains\IntelliJ IDEA 2024.1.2\bin -Dfile.encoding=UTF-8 -Dsun.stdout.encoding=UTF-8 -Dsun.stderr.encoding=UTF-8 
java_command: com.java_beginning.lesson_2_3_4.array.CharacterTriangle
java_class_path (initial): C:\Users\Andrii\IdeaProjects\java_beginning\out\production\java_beginning
Launcher Type: SUN_STANDARD

[Global flags]
     intx CICompilerCount                          = 3                                         {product} {ergonomic}
     uint ConcGCThreads                            = 2                                         {product} {ergonomic}
     uint G1ConcRefinementThreads                  = 6                                         {product} {ergonomic}
   size_t G1HeapRegionSize                         = 1048576                                   {product} {ergonomic}
   size_t InitialHeapSize                          = 123731968                                 {product} {ergonomic}
   size_t MarkStackSize                            = 4194304                                   {product} {ergonomic}
   size_t MaxHeapSize                              = 1979711488                                {product} {ergonomic}
   size_t MinHeapDeltaBytes                        = 1048576                                   {product} {ergonomic}
   size_t MinHeapSize                              = 8388608                                   {product} {ergonomic}
    uintx NonNMethodCodeHeapSize                   = 5832780                                {pd product} {ergonomic}
    uintx NonProfiledCodeHeapSize                  = 122912730                              {pd product} {ergonomic}
    uintx ProfiledCodeHeapSize                     = 122912730                              {pd product} {ergonomic}
    uintx ReservedCodeCacheSize                    = 251658240                              {pd product} {ergonomic}
     bool SegmentedCodeCache                       = true                                      {product} {ergonomic}
   size_t SoftMaxHeapSize                          = 1979711488                             {manageable} {ergonomic}
     bool UseCompressedOops                        = true                           {product lp64_product} {ergonomic}
     bool UseG1GC                                  = true                                      {product} {ergonomic}
     bool UseLargePagesIndividualAllocation        = false                                  {pd product} {ergonomic}

Logging:
Log output configuration:
 #0: stdout all=warning uptime,level,tags foldmultilines=false
 #1: stderr all=off uptime,level,tags foldmultilines=false

Environment Variables:
JAVA_HOME=C:\Users\Andrii\.jdks\openjdk-19.0.1
PATH=C:\Program Files\Common Files\Oracle\Java\javapath;C:\ProgramData\Oracle\Java\javapath;C:\Windows\system32;C:\Windows;C:\Windows\System32\Wbem;C:\Windows\System32\WindowsPowerShell\v1.0\;C:\Windows\System32\OpenSSH\;C:\Program Files\Java\jdk-22\bin;C:\DevTools\maven\apache-maven-3.9.6\bin;C:\Program Files\Git\cmd;C:\Users\Andrii\AppData\Local\Microsoft\WindowsApps;C:\Users\Andrii\AppData\Local\Programs\Microsoft VS Code\bin;C:\Users\Andrii\AppData\Local\GitHubDesktop\bin;C:\Users\Andrii\AppData\Local\JetBrains\Toolbox\scripts;;C:\Program Files\JetBrains\IntelliJ IDEA 2024.1.2\bin;
USERNAME=Andrii
OS=Windows_NT
PROCESSOR_IDENTIFIER=AMD64 Family 23 Model 96 Stepping 1, AuthenticAMD
TMP=C:\Users\Andrii\AppData\Local\Temp
TEMP=C:\Users\Andrii\AppData\Local\Temp




Periodic native trim disabled

---------------  S Y S T E M  ---------------

OS:
 Windows 10 , 64 bit Build 19041 (10.0.19041.5198)
OS uptime: 6 days 7:56 hours

CPU: total 6 (initial active 6) (6 cores per cpu, 1 threads per core) family 23 model 96 stepping 1 microcode 0x0, cx8, cmov, fxsr, mmx, 3dnowpref, sse, sse2, sse3, ssse3, sse4a, sse4.1, sse4.2, popcnt, lzcnt, tsc, tscinvbit, avx, avx2, aes, clmul, bmi1, bmi2, adx, sha, fma, vzeroupper, clflush, clflushopt, rdtscp, rdpid, f16c
Processor Information for all 6 processors :
  Max Mhz: 2375, Current Mhz: 2375, Mhz Limit: 2375

Memory: 4k page, system-wide physical 7549M (1028M free)
TotalPageFile size 31101M (AvailPageFile size 1M)
current process WorkingSet (physical memory assigned to process): 12M, peak: 12M
current process commit charge ("private bytes"): 50M, peak: 51M

vm_info: Java HotSpot(TM) 64-Bit Server VM (22.0.1+8-16) for windows-amd64 JRE (22.0.1+8-16), built on 2024-03-12T10:33:16Z by "mach5one" with MS VC++ 17.6 (VS2022)

END.
